Application/build/outputs/apk/manifest-merger-debug-report.txt
-- Merging decision tree log ---
manifest
ADDED from AndroidManifest.xml:17:1
	package
		ADDED from AndroidManifest.xml:18:5
	android:versionName
		ADDED from AndroidManifest.xml:20:5
	android:versionCode
		ADDED from AndroidManifest.xml:19:5
		INJECTED from AndroidManifest.xml:0:0
		INJECTED from AndroidManifest.xml:0:0
	xmlns:android
		ADDED from AndroidManifest.xml:17:11
uses-permission#android.permission.INTERNET
ADDED from AndroidManifest.xml:22:5
	android:name
		ADDED from AndroidManifest.xml:22:22
application
ADDED from AndroidManifest.xml:25:5
MERGED from com.android.support:support-v4:21.0.2:16:5
	android:label
		ADDED from AndroidManifest.xml:28:9
	android:allowBackup
		ADDED from AndroidManifest.xml:26:9
	android:icon
		ADDED from AndroidManifest.xml:27:9
	android:theme
		ADDED from AndroidManifest.xml:29:9
activity#com.example.android.slidingtabscolors.MainActivity
ADDED from AndroidManifest.xml:30:9
	android:screenOrientation
		ADDED from AndroidManifest.xml:33:13
	android:label
		ADDED from AndroidManifest.xml:32:13
	android:name
		ADDED from AndroidManifest.xml:31:13
intent-filter#android.intent.action.MAIN+android.intent.category.LAUNCHER
ADDED from AndroidManifest.xml:34:13
action#android.intent.action.MAIN
ADDED from AndroidManifest.xml:35:17
	android:name
		ADDED from AndroidManifest.xml:35:25
category#android.intent.category.LAUNCHER
ADDED from AndroidManifest.xml:37:17
	android:name
		ADDED from AndroidManifest.xml:37:27
activity#com.example.android.slidingtabscolors.WebViewActivity
ADDED from AndroidManifest.xml:40:9
	android:label
		ADDED from AndroidManifest.xml:42:13
	android:name
		ADDED from AndroidManifest.xml:41:13
uses-sdk
INJECTED from AndroidManifest.xml:0:0 reason: use-sdk injection requested
MERGED from com.android.support:support-v4:21.0.2:15:5
	android:targetSdkVersion
		INJECTED from AndroidManifest.xml:0:0
		INJECTED from AndroidManifest.xml:0:0
	android:minSdkVersion
		INJECTED from AndroidManifest.xml:0:0
		INJECTED from AndroidManifest.xml:0:0